<?xml version="1.0" encoding="UTF-8"?><testsuite errors="1" failures="0" name="HU-003 Buscador adidas escenario fallido y exitoso" skipped="0" tests="2" time="52.56" timestamp="2021-12-23 10:14:16"><testcase name="Busqueda Exitosa"/><testcase name="Busqueda Fallida"><error message="no such element: Unable to locate element: {&quot;method&quot;:&quot;xpath&quot;,&quot;selector&quot;:&quot;//div[@class ='product-description___2cJO2']/h1[@data-auto-id='product-title' and @class='gl-heading gl-heading--regular gl-heading--italic name___1EbZs']//span[contains(text(), 'Chanclas Adilette Jeremy Scott Teddy')]&quot;}&#10;  (Session info: chrome=96.0.4664.110)&#10;For documentation on this error, please visit: https://www.seleniumhq.org/exceptions/no_such_element.html&#10;Build info: version: '3.141.59', revision: 'e82be7d358', time: '2018-11-14T08:17:03'&#10;System info: host: 'HECTOR', ip: '192.168.56.1', os.name: 'Windows 10', os.arch: 'amd64', os.version: '10.0', java.version: '1.8.0_291'&#10;Driver info: org.openqa.selenium.chrome.ChromeDriver&#10;Capabilities {acceptInsecureCerts: false, browserName: chrome, browserVersion: 96.0.4664.110, chrome: {chromedriverVersion: 96.0.4664.45 (76e4c1bb2ab46..., userDataDir: C:\Users\hecto\AppData\Loca...}, goog:chromeOptions: {debuggerAddress: localhost:52385}, javascriptEnabled: true, networkConnectionEnabled: false, pageLoadStrategy: normal, platform: WINDOWS, platformName: WINDOWS, proxy: Proxy(), setWindowRect: true, strictFileInteractability: false, timeouts: {implicit: 0, pageLoad: 300000, script: 30000}, unhandledPromptBehavior: dismiss and notify, webauthn:extension:credBlob: true, webauthn:extension:largeBlob: true, webauthn:virtualAuthenticators: true}&#10;Session ID: db4b8e509002961215894bb9e8100d3f&#10;*** Element info: {Using=xpath, value=//div[@class ='product-description___2cJO2']/h1[@data-auto-id='product-title' and @class='gl-heading gl-heading--regular gl-heading--italic name___1EbZs']//span[contains(text(), 'Chanclas Adilette Jeremy Scott Teddy')]}" type="java.lang.AssertionError">no such element: Unable to locate element: {"method":"xpath","selector":"//div[@class ='product-description___2cJO2']/h1[@data-auto-id='product-title' and @class='gl-heading gl-heading--regular gl-heading--italic name___1EbZs']//span[contains(text(), 'Chanclas Adilette Jeremy Scott Teddy')]"}
  (Session info: chrome=96.0.4664.110)
For documentation on this error, please visit: https://www.seleniumhq.org/exceptions/no_such_element.html
Build info: version: '3.141.59', revision: 'e82be7d358', time: '2018-11-14T08:17:03'
System info: host: 'HECTOR', ip: '192.168.56.1', os.name: 'Windows 10', os.arch: 'amd64', os.version: '10.0', java.version: '1.8.0_291'
Driver info: org.openqa.selenium.chrome.ChromeDriver
Capabilities {acceptInsecureCerts: false, browserName: chrome, browserVersion: 96.0.4664.110, chrome: {chromedriverVersion: 96.0.4664.45 (76e4c1bb2ab46..., userDataDir: C:\Users\hecto\AppData\Loca...}, goog:chromeOptions: {debuggerAddress: localhost:52385}, javascriptEnabled: true, networkConnectionEnabled: false, pageLoadStrategy: normal, platform: WINDOWS, platformName: WINDOWS, proxy: Proxy(), setWindowRect: true, strictFileInteractability: false, timeouts: {implicit: 0, pageLoad: 300000, script: 30000}, unhandledPromptBehavior: dismiss and notify, webauthn:extension:credBlob: true, webauthn:extension:largeBlob: true, webauthn:virtualAuthenticators: true}
Session ID: db4b8e509002961215894bb9e8100d3f
*** Element info: {Using=xpath, value=//div[@class ='product-description___2cJO2']/h1[@data-auto-id='product-title' and @class='gl-heading gl-heading--regular gl-heading--italic name___1EbZs']//span[contains(text(), 'Chanclas Adilette Jeremy Scott Teddy')]}</error><system-err>no such element: Unable to locate element: {"method":"xpath","selector":"//div[@class ='product-description___2cJO2']/h1[@data-auto-id='product-title' and @class='gl-heading gl-heading--regular gl-heading--italic name___1EbZs']//span[contains(text(), 'Chanclas Adilette Jeremy Scott Teddy')]"}
  (Session info: chrome=96.0.4664.110)
For documentation on this error, please visit: https://www.seleniumhq.org/exceptions/no_such_element.html
Build info: version: '3.141.59', revision: 'e82be7d358', time: '2018-11-14T08:17:03'
System info: host: 'HECTOR', ip: '192.168.56.1', os.name: 'Windows 10', os.arch: 'amd64', os.version: '10.0', java.version: '1.8.0_291'
Driver info: org.openqa.selenium.chrome.ChromeDriver
Capabilities {acceptInsecureCerts: false, browserName: chrome, browserVersion: 96.0.4664.110, chrome: {chromedriverVersion: 96.0.4664.45 (76e4c1bb2ab46..., userDataDir: C:\Users\hecto\AppData\Loca...}, goog:chromeOptions: {debuggerAddress: localhost:52385}, javascriptEnabled: true, networkConnectionEnabled: false, pageLoadStrategy: normal, platform: WINDOWS, platformName: WINDOWS, proxy: Proxy(), setWindowRect: true, strictFileInteractability: false, timeouts: {implicit: 0, pageLoad: 300000, script: 30000}, unhandledPromptBehavior: dismiss and notify, webauthn:extension:credBlob: true, webauthn:extension:largeBlob: true, webauthn:virtualAuthenticators: true}
Session ID: db4b8e509002961215894bb9e8100d3f
*** Element info: {Using=xpath, value=//div[@class ='product-description___2cJO2']/h1[@data-auto-id='product-title' and @class='gl-heading gl-heading--regular gl-heading--italic name___1EbZs']//span[contains(text(), 'Chanclas Adilette Jeremy Scott Teddy')]}&#13;
stepsDefinitions.AdidasEscenarioExitosoYFallidoStepsDefinitions.podreObservarEnPantalla(AdidasEscenarioExitosoYFallidoStepsDefinitions.java:29)&#13;
✽.podre observar en pantalla(src/test/resources/features/AdidasEscenarioExitosoYFallido.feature:19)&#13;
</system-err></testcase></testsuite>